
     Program epsilon v.6.7MaX starts on 13Sep2021 at  0:16:49 

     This program is part of the open-source Quantum ESPRESSO suite
     for quantum simulation of materials; please cite
         "P. Giannozzi et al., J. Phys.:Condens. Matter 21 395502 (2009);
         "P. Giannozzi et al., J. Phys.:Condens. Matter 29 465901 (2017);
          URL http://www.quantum-espresso.org", 
     in publications or presentations arising from this work. More details at
     http://www.quantum-espresso.org/quote

     Parallel version (MPI), running on    20 processors

     MPI processes distributed on     1 nodes
     R & G space division:  proc/nbgrp/npool/nimage =      20


     Reading input file...
     Broadcasting variables...
     Reading PW restart file...

     Reading xml data from directory:

     ./work/GeTe-mono.save/
     Message from routine read_pp_mesh:
     mesh size missing, using the one in header
     Message from routine read_pp_mesh:
     mesh size missing, using the one in header

     IMPORTANT: XC functional enforced from input :
     Exchange-correlation= PBE
                           (   1   4   3   4   0   0   0)
     Any further DFT definition will be discarded
     Please, verify this is what you really want

 
     Parallelization info
     --------------------
     sticks:   dense  smooth     PW     G-vecs:    dense   smooth      PW
     Min         116      38     12                22746     4364     760
     Max         117      39     13                22761     4379     777
     Sum        2335     769    241               455125    87447   15299
 


     Fermi energy [eV] is: -2.18669
     The system is a dielectric...
     metallic system: redefining wmin =     0.000000

     Performing eps calculation...

     xx,yy,zz plasmon frequences [eV] are:     6.000505381    6.000615081    5.871170582

     Writing output on file...


     eps          :     20.11s CPU     23.11s WALL (       1 calls)
     dipole_calc  :     12.45s CPU     15.40s WALL (    2304 calls)
 
 
     epsilon      :     23.94s CPU     27.02s WALL

 
   This run was terminated on:   0:17:16  13Sep2021            

=------------------------------------------------------------------------------=
   JOB DONE.
=------------------------------------------------------------------------------=
