
     Program epsilon v.6.7MaX starts on 13Feb2021 at  1:20:47 

     This program is part of the open-source Quantum ESPRESSO suite
     for quantum simulation of materials; please cite
         "P. Giannozzi et al., J. Phys.:Condens. Matter 21 395502 (2009);
         "P. Giannozzi et al., J. Phys.:Condens. Matter 29 465901 (2017);
          URL http://www.quantum-espresso.org", 
     in publications or presentations arising from this work. More details at
     http://www.quantum-espresso.org/quote

     Parallel version (MPI), running on    40 processors

     MPI processes distributed on     1 nodes
     R & G space division:  proc/nbgrp/npool/nimage =      40


     Reading input file...
     Broadcasting variables...
     Reading PW restart file...

     Reading xml data from directory:

     ./work/GeTe-c.save/
     Message from routine read_pp_mesh:
     mesh size missing, using the one in header
     Message from routine read_pp_mesh:
     mesh size missing, using the one in header

     IMPORTANT: XC functional enforced from input :
     Exchange-correlation= PBE
                           (   1   4   3   4   0   0   0)
     Any further DFT definition will be discarded
     Please, verify this is what you really want

 
     Parallelization info
     --------------------
     sticks:   dense  smooth     PW     G-vecs:    dense   smooth      PW
     Min          66      22      7                 2267      436      76
     Max          67      23      8                 2271      439      80
     Sum        2677     889    283                90777    17477    3119
 


     Fermi energy [eV] is: 10.82778
     The system is a dielectric...
     metallic system: redefining wmin =     0.000000

     Performing jdos calculation...

     Integration over JDOS gives:     0.007027637 instead of 1.0d0

     Writing output on file...


     jdos         :     49.49s CPU     49.68s WALL (       1 calls)
 
 
     epsilon      :   2m13.03s CPU   2m25.33s WALL

 
   This run was terminated on:   1:23:12  13Feb2021            

=------------------------------------------------------------------------------=
   JOB DONE.
=------------------------------------------------------------------------------=
